<?xml version="1.0" encoding="UTF-8"?>
<!-- Generated by org.testng.reporters.JUnitReportReporter -->
<testsuite hostname="LAPTOP-ATRE6C6M" failures="0" tests="1" name="tests.Addcarttest" time="64.229" errors="0" timestamp="2023-07-25T17:15:45 IST" skipped="0">
  <testcase classname="tests.Addcarttest" name="test" time="64.229"/>
</testsuite> <!-- tests.Addcarttest -->
